


ARM Macro Assembler    Page 1 


    1 00000000         ;******************** (C) COPYRIGHT   HKMicroChip ******
                       **************
    2 00000000         ;* File Name          : KEIL_Startup_hk32l0xx.s
    3 00000000         ;* Author             : HKApplication Team
    4 00000000         ;* Description        : hk32l0xx devices vector table fo
                       r MDK-ARM toolchain.
    5 00000000         ;*                      This module performs:
    6 00000000         ;*                      - Set the initial SP
    7 00000000         ;*                      - Set the initial PC == Reset_Ha
                       ndler
    8 00000000         ;*                      - Set the vector table entries w
                       ith the exceptions ISR address
    9 00000000         ;*                      - Branches to __main in the C li
                       brary (which eventually
   10 00000000         ;*                        calls main()).
   11 00000000         ;*                      After Reset the CortexM0 process
                       or is in Thread mode,
   12 00000000         ;*                      priority is Privileged, and the 
                       Stack is set to Main.
   13 00000000         ;* <<< Use Configuration Wizard in Context Menu >>>
   14 00000000         ;*******************************************************
                       ************************
   15 00000000         
   16 00000000         ; Amount of memory (in bytes) allocated for Stack
   17 00000000         ; Tailor this value to your application needs
   18 00000000         ; <h> Stack Configuration
   19 00000000         ;   <o> Stack Size (in Bytes) <0x0-0xFFFFFFFF:8>
   20 00000000         ; </h>
   21 00000000         
   22 00000000 00000800 
                       Stack_Size
                               EQU              0x00000800
   23 00000000         
   24 00000000                 AREA             STACK, NOINIT, READWRITE, ALIGN
=3
   25 00000000         Stack_Mem
                               SPACE            Stack_Size
   26 00000800         __initial_sp
   27 00000800         
   28 00000800         
   29 00000800         ; <h> Heap Configuration
   30 00000800         ;   <o>  Heap Size (in Bytes) <0x0-0xFFFFFFFF:8>
   31 00000800         ; </h>
   32 00000800         
   33 00000800 00000400 
                       Heap_Size
                               EQU              0x00000400
   34 00000800         
   35 00000800                 AREA             HEAP, NOINIT, READWRITE, ALIGN=
3
   36 00000000         __heap_base
   37 00000000         Heap_Mem
                               SPACE            Heap_Size
   38 00000400         __heap_limit
   39 00000400         
   40 00000400                 PRESERVE8
   41 00000400                 THUMB
   42 00000400         
   43 00000400         



ARM Macro Assembler    Page 2 


   44 00000400         ; Vector Table Mapped to Address 0 at Reset
   45 00000400                 AREA             RESET, DATA, READONLY
   46 00000000                 EXPORT           __Vectors
   47 00000000                 EXPORT           __Vectors_End
   48 00000000                 EXPORT           __Vectors_Size
   49 00000000         
   50 00000000 00000000 
                       __Vectors
                               DCD              __initial_sp ; Top of Stack
   51 00000004 00000000        DCD              Reset_Handler ; Reset Handler
   52 00000008 00000000        DCD              NMI_Handler ; NMI Handler
   53 0000000C 00000000        DCD              HardFault_Handler ; Hard Fault 
                                                            Handler
   54 00000010 00000000        DCD              0           ; Reserved
   55 00000014 00000000        DCD              0           ; Reserved
   56 00000018 00000000        DCD              0           ; Reserved
   57 0000001C 00000000        DCD              0           ; Reserved
   58 00000020 00000000        DCD              0           ; Reserved
   59 00000024 00000000        DCD              0           ; Reserved
   60 00000028 00000000        DCD              0           ; Reserved
   61 0000002C 00000000        DCD              SVC_Handler ; SVCall Handler
   62 00000030 00000000        DCD              0           ; Reserved
   63 00000034 00000000        DCD              0           ; Reserved
   64 00000038 00000000        DCD              PendSV_Handler ; PendSV Handler
                                                            
   65 0000003C 00000000        DCD              SysTick_Handler 
                                                            ; SysTick Handler
   66 00000040         
   67 00000040         ; External Interrupts
   68 00000040 00000000        DCD              WWDG_IRQHandler 
                                                            ; Window Watchdog
   69 00000044 00000000        DCD              PVD_IRQHandler ; PVD and VDDIO2
                                                             supply comparator
   70 00000048 00000000        DCD              RTC_IRQHandler ; RTC
   71 0000004C 00000000        DCD              FLASH_IRQHandler ; FLASH
   72 00000050 00000000        DCD              RCC_IRQHandler ; RCC
   73 00000054 00000000        DCD              EXTI0_1_IRQHandler ; EXTI Line 
                                                            0 and Line 1
   74 00000058 00000000        DCD              EXTI2_3_IRQHandler ; EXTI Line 
                                                            2 and Line 3       
                                                                      
   75 0000005C 00000000        DCD              EXTI4_15_IRQHandler ; EXTI Line
                                                             4 to Line 15 
   76 00000060 00000000        DCD              LPUART_IRQHandler ; LPUART 
   77 00000064 00000000        DCD              DMA_CH1_IRQHandler 
                                                            ; DMA1 Channel1
   78 00000068 00000000        DCD              DMA_CH2_3_IRQHandler ; DMA1 Cha
                                                            nnel2 and Channel3
   79 0000006C 00000000        DCD              DMA_CH4_7_IRQHandler ; DMA1 Cha
                                                            nnel4 to Channel7
   80 00000070 00000000        DCD              ADC_COMP_IRQHandler ; ADC and c
                                                            omparator 1 and 2
   81 00000074 00000000        DCD              TIM1_IRQHandler ; TIMER1
   82 00000078 00000000        DCD              UART3_4_IRQHandler ; UART34
   83 0000007C 00000000        DCD              TIM2_IRQHandler ; TIM2
   84 00000080 00000000        DCD              TIM3_IRQHandler ; TIM3
   85 00000084 00000000        DCD              DAC_IRQHandler ; DAC
   86 00000088 00000000        DCD              0           ; Reserved
   87 0000008C 00000000        DCD              TIM14_IRQHandler ; TIMER14



ARM Macro Assembler    Page 3 


   88 00000090 00000000        DCD              TIM15_IRQHandler ; TIMER15 
   89 00000094 00000000        DCD              TIM16_IRQHandler ; TIMER16 
   90 00000098 00000000        DCD              TIM17_IRQHandler ; TIMER17
   91 0000009C 00000000        DCD              I2C1_IRQHandler ; I2C1
   92 000000A0 00000000        DCD              I2C2_IRQHandler ; I2C2 
   93 000000A4 00000000        DCD              SPI1_IRQHandler ; SPI1
   94 000000A8 00000000        DCD              SPI2_IRQHandler ; SPI2 
   95 000000AC 00000000        DCD              USART1_IRQHandler ; USART1
   96 000000B0 00000000        DCD              USART2_IRQHandler ; USART2 
   97 000000B4 00000000        DCD              AES_TRNG_EMACC_IRQHandler 
                                                            ; AES and TRNG 
   98 000000B8 00000000        DCD              LCD_CAN_IRQHandler ; LCD 
   99 000000BC 00000000        DCD              USB_DVSQ_IRQHandler ; USB event
                                                             interrupt 
  100 000000C0         
  101 000000C0         __Vectors_End
  102 000000C0         
  103 000000C0 000000C0 
                       __Vectors_Size
                               EQU              __Vectors_End - __Vectors
  104 000000C0         
  105 000000C0                 AREA             |.text|, CODE, READONLY
  106 00000000         
  107 00000000         ; Reset handler routine
  108 00000000         Reset_Handler
                               PROC
  109 00000000                 EXPORT           Reset_Handler                 [
WEAK]
  110 00000000                 IMPORT           __main
  111 00000000                 IMPORT           SystemInit
  112 00000000 4804            LDR              R0, =SystemInit
  113 00000002 4780            BLX              R0
  114 00000004 4804            LDR              R0, =__main
  115 00000006 4700            BX               R0
  116 00000008                 ENDP
  117 00000008         
  118 00000008         ; Dummy Exception Handlers (infinite loops which can be 
                       modified)
  119 00000008         
  120 00000008         NMI_Handler
                               PROC
  121 00000008                 EXPORT           NMI_Handler                    
[WEAK]
  122 00000008 E7FE            B                .
  123 0000000A                 ENDP
  125 0000000A         HardFault_Handler
                               PROC
  126 0000000A                 EXPORT           HardFault_Handler              
[WEAK]
  127 0000000A E7FE            B                .
  128 0000000C                 ENDP
  129 0000000C         SVC_Handler
                               PROC
  130 0000000C                 EXPORT           SVC_Handler                    
[WEAK]
  131 0000000C E7FE            B                .
  132 0000000E                 ENDP
  133 0000000E         PendSV_Handler
                               PROC



ARM Macro Assembler    Page 4 


  134 0000000E                 EXPORT           PendSV_Handler                 
[WEAK]
  135 0000000E E7FE            B                .
  136 00000010                 ENDP
  137 00000010         SysTick_Handler
                               PROC
  138 00000010                 EXPORT           SysTick_Handler                
[WEAK]
  139 00000010 E7FE            B                .
  140 00000012                 ENDP
  141 00000012         
  142 00000012         Default_Handler
                               PROC
  143 00000012         
  144 00000012                 EXPORT           WWDG_IRQHandler                
[WEAK]
  145 00000012                 EXPORT           PVD_IRQHandler                 
[WEAK]
  146 00000012                 EXPORT           RTC_IRQHandler                 
[WEAK]
  147 00000012                 EXPORT           FLASH_IRQHandler               
[WEAK]
  148 00000012                 EXPORT           RCC_IRQHandler                 
[WEAK]
  149 00000012                 EXPORT           EXTI0_1_IRQHandler             
[WEAK]
  150 00000012                 EXPORT           EXTI2_3_IRQHandler             
[WEAK]
  151 00000012                 EXPORT           EXTI4_15_IRQHandler            
[WEAK]
  152 00000012                 EXPORT           LPUART_IRQHandler              
[WEAK]
  153 00000012                 EXPORT           DMA_CH1_IRQHandler             
[WEAK]
  154 00000012                 EXPORT           DMA_CH2_3_IRQHandler           
[WEAK]
  155 00000012                 EXPORT           DMA_CH4_7_IRQHandler           
[WEAK]
  156 00000012                 EXPORT           ADC_COMP_IRQHandler            
[WEAK]
  157 00000012                 EXPORT           TIM1_IRQHandler                
[WEAK]
  158 00000012                 EXPORT           UART3_4_IRQHandler             
[WEAK]
  159 00000012                 EXPORT           TIM2_IRQHandler                
[WEAK]
  160 00000012                 EXPORT           TIM3_IRQHandler                
[WEAK]
  161 00000012                 EXPORT           DAC_IRQHandler                 
[WEAK]
  162 00000012                 EXPORT           TIM14_IRQHandler               
[WEAK]
  163 00000012                 EXPORT           TIM15_IRQHandler               
[WEAK]
  164 00000012                 EXPORT           TIM16_IRQHandler               
[WEAK]
  165 00000012                 EXPORT           TIM17_IRQHandler               
[WEAK]
  166 00000012                 EXPORT           I2C1_IRQHandler                



ARM Macro Assembler    Page 5 


[WEAK]
  167 00000012                 EXPORT           I2C2_IRQHandler                
[WEAK]
  168 00000012                 EXPORT           SPI1_IRQHandler                
[WEAK]
  169 00000012                 EXPORT           SPI2_IRQHandler                
[WEAK]
  170 00000012                 EXPORT           USART1_IRQHandler              
[WEAK]
  171 00000012                 EXPORT           USART2_IRQHandler              
[WEAK]
  172 00000012                 EXPORT           AES_TRNG_EMACC_IRQHandler      
[WEAK]
  173 00000012                 EXPORT           LCD_CAN_IRQHandler             
[WEAK]
  174 00000012                 EXPORT           USB_DVSQ_IRQHandler            
[WEAK]
  175 00000012         
  176 00000012         WWDG_IRQHandler
  177 00000012         PVD_IRQHandler
  178 00000012         RTC_IRQHandler
  179 00000012         FLASH_IRQHandler
  180 00000012         RCC_IRQHandler
  181 00000012         EXTI0_1_IRQHandler
  182 00000012         EXTI2_3_IRQHandler
  183 00000012         EXTI4_15_IRQHandler
  184 00000012         LPUART_IRQHandler
  185 00000012         DMA_CH1_IRQHandler
  186 00000012         DMA_CH2_3_IRQHandler
  187 00000012         DMA_CH4_7_IRQHandler
  188 00000012         ADC_COMP_IRQHandler
  189 00000012         TIM1_IRQHandler
  190 00000012         UART3_4_IRQHandler
  191 00000012         TIM2_IRQHandler
  192 00000012         TIM3_IRQHandler
  193 00000012         DAC_IRQHandler
  194 00000012         TIM14_IRQHandler
  195 00000012         TIM15_IRQHandler
  196 00000012         TIM16_IRQHandler
  197 00000012         TIM17_IRQHandler
  198 00000012         I2C1_IRQHandler
  199 00000012         I2C2_IRQHandler
  200 00000012         SPI1_IRQHandler
  201 00000012         SPI2_IRQHandler
  202 00000012         USART1_IRQHandler
  203 00000012         USART2_IRQHandler
  204 00000012         AES_TRNG_EMACC_IRQHandler
  205 00000012         LCD_CAN_IRQHandler
  206 00000012         USB_DVSQ_IRQHandler
  207 00000012         
  208 00000012         
  209 00000012 E7FE            B                .
  210 00000014         
  211 00000014                 ENDP
  212 00000014         
  213 00000014                 ALIGN
  214 00000014         
  215 00000014         ;*******************************************************
                       ************************



ARM Macro Assembler    Page 6 


  216 00000014         ; User Stack and Heap initialization
  217 00000014         ;*******************************************************
                       ************************
  218 00000014                 IF               :DEF:__MICROLIB
  219 00000014         
  220 00000014                 EXPORT           __initial_sp
  221 00000014                 EXPORT           __heap_base
  222 00000014                 EXPORT           __heap_limit
  223 00000014         
  224 00000014                 ELSE
  239                          ENDIF
  240 00000014         
  241 00000014                 END
              00000000 
              00000000 
Command Line: --debug --xref --diag_suppress=9931 --cpu=Cortex-M0 --depend=.\ob
jects\keil_startup_hk32l0xx.d -o.\objects\keil_startup_hk32l0xx.o -I.\RTE\_HK32
L0xx_L -IC:\Keil_v5\ARM\CMSIS\Include --predefine="__MICROLIB SETA 1" --predefi
ne="__UVISION_VERSION SETA 529" --list=.\listings\keil_startup_hk32l0xx.lst ..\
..\HK32L08x_SDK_2024-12-02_V1.0.4\Libraries\CMSIS\HK32L0xx\Source\ARM\KEIL_Star
tup_hk32l0xx.s



ARM Macro Assembler    Page 1 Alphabetic symbol ordering
Relocatable symbols

STACK 00000000

Symbol: STACK
   Definitions
      At line 24 in file ..\..\HK32L08x_SDK_2024-12-02_V1.0.4\Libraries\CMSIS\H
K32L0xx\Source\ARM\KEIL_Startup_hk32l0xx.s
   Uses
      None
Comment: STACK unused
Stack_Mem 00000000

Symbol: Stack_Mem
   Definitions
      At line 25 in file ..\..\HK32L08x_SDK_2024-12-02_V1.0.4\Libraries\CMSIS\H
K32L0xx\Source\ARM\KEIL_Startup_hk32l0xx.s
   Uses
      None
Comment: Stack_Mem unused
__initial_sp 00000800

Symbol: __initial_sp
   Definitions
      At line 26 in file ..\..\HK32L08x_SDK_2024-12-02_V1.0.4\Libraries\CMSIS\H
K32L0xx\Source\ARM\KEIL_Startup_hk32l0xx.s
   Uses
      At line 50 in file ..\..\HK32L08x_SDK_2024-12-02_V1.0.4\Libraries\CMSIS\H
K32L0xx\Source\ARM\KEIL_Startup_hk32l0xx.s
      At line 220 in file ..\..\HK32L08x_SDK_2024-12-02_V1.0.4\Libraries\CMSIS\
HK32L0xx\Source\ARM\KEIL_Startup_hk32l0xx.s

3 symbols



ARM Macro Assembler    Page 1 Alphabetic symbol ordering
Relocatable symbols

HEAP 00000000

Symbol: HEAP
   Definitions
      At line 35 in file ..\..\HK32L08x_SDK_2024-12-02_V1.0.4\Libraries\CMSIS\H
K32L0xx\Source\ARM\KEIL_Startup_hk32l0xx.s
   Uses
      None
Comment: HEAP unused
Heap_Mem 00000000

Symbol: Heap_Mem
   Definitions
      At line 37 in file ..\..\HK32L08x_SDK_2024-12-02_V1.0.4\Libraries\CMSIS\H
K32L0xx\Source\ARM\KEIL_Startup_hk32l0xx.s
   Uses
      None
Comment: Heap_Mem unused
__heap_base 00000000

Symbol: __heap_base
   Definitions
      At line 36 in file ..\..\HK32L08x_SDK_2024-12-02_V1.0.4\Libraries\CMSIS\H
K32L0xx\Source\ARM\KEIL_Startup_hk32l0xx.s
   Uses
      At line 221 in file ..\..\HK32L08x_SDK_2024-12-02_V1.0.4\Libraries\CMSIS\
HK32L0xx\Source\ARM\KEIL_Startup_hk32l0xx.s
Comment: __heap_base used once
__heap_limit 00000400

Symbol: __heap_limit
   Definitions
      At line 38 in file ..\..\HK32L08x_SDK_2024-12-02_V1.0.4\Libraries\CMSIS\H
K32L0xx\Source\ARM\KEIL_Startup_hk32l0xx.s
   Uses
      At line 222 in file ..\..\HK32L08x_SDK_2024-12-02_V1.0.4\Libraries\CMSIS\
HK32L0xx\Source\ARM\KEIL_Startup_hk32l0xx.s
Comment: __heap_limit used once
4 symbols



ARM Macro Assembler    Page 1 Alphabetic symbol ordering
Relocatable symbols

RESET 00000000

Symbol: RESET
   Definitions
      At line 45 in file ..\..\HK32L08x_SDK_2024-12-02_V1.0.4\Libraries\CMSIS\H
K32L0xx\Source\ARM\KEIL_Startup_hk32l0xx.s
   Uses
      None
Comment: RESET unused
__Vectors 00000000

Symbol: __Vectors
   Definitions
      At line 50 in file ..\..\HK32L08x_SDK_2024-12-02_V1.0.4\Libraries\CMSIS\H
K32L0xx\Source\ARM\KEIL_Startup_hk32l0xx.s
   Uses
      At line 46 in file ..\..\HK32L08x_SDK_2024-12-02_V1.0.4\Libraries\CMSIS\H
K32L0xx\Source\ARM\KEIL_Startup_hk32l0xx.s
      At line 103 in file ..\..\HK32L08x_SDK_2024-12-02_V1.0.4\Libraries\CMSIS\
HK32L0xx\Source\ARM\KEIL_Startup_hk32l0xx.s

__Vectors_End 000000C0

Symbol: __Vectors_End
   Definitions
      At line 101 in file ..\..\HK32L08x_SDK_2024-12-02_V1.0.4\Libraries\CMSIS\
HK32L0xx\Source\ARM\KEIL_Startup_hk32l0xx.s
   Uses
      At line 47 in file ..\..\HK32L08x_SDK_2024-12-02_V1.0.4\Libraries\CMSIS\H
K32L0xx\Source\ARM\KEIL_Startup_hk32l0xx.s
      At line 103 in file ..\..\HK32L08x_SDK_2024-12-02_V1.0.4\Libraries\CMSIS\
HK32L0xx\Source\ARM\KEIL_Startup_hk32l0xx.s

3 symbols



ARM Macro Assembler    Page 1 Alphabetic symbol ordering
Relocatable symbols

.text 00000000

Symbol: .text
   Definitions
      At line 105 in file ..\..\HK32L08x_SDK_2024-12-02_V1.0.4\Libraries\CMSIS\
HK32L0xx\Source\ARM\KEIL_Startup_hk32l0xx.s
   Uses
      None
Comment: .text unused
ADC_COMP_IRQHandler 00000012

Symbol: ADC_COMP_IRQHandler
   Definitions
      At line 188 in file ..\..\HK32L08x_SDK_2024-12-02_V1.0.4\Libraries\CMSIS\
HK32L0xx\Source\ARM\KEIL_Startup_hk32l0xx.s
   Uses
      At line 80 in file ..\..\HK32L08x_SDK_2024-12-02_V1.0.4\Libraries\CMSIS\H
K32L0xx\Source\ARM\KEIL_Startup_hk32l0xx.s
      At line 156 in file ..\..\HK32L08x_SDK_2024-12-02_V1.0.4\Libraries\CMSIS\
HK32L0xx\Source\ARM\KEIL_Startup_hk32l0xx.s

AES_TRNG_EMACC_IRQHandler 00000012

Symbol: AES_TRNG_EMACC_IRQHandler
   Definitions
      At line 204 in file ..\..\HK32L08x_SDK_2024-12-02_V1.0.4\Libraries\CMSIS\
HK32L0xx\Source\ARM\KEIL_Startup_hk32l0xx.s
   Uses
      At line 97 in file ..\..\HK32L08x_SDK_2024-12-02_V1.0.4\Libraries\CMSIS\H
K32L0xx\Source\ARM\KEIL_Startup_hk32l0xx.s
      At line 172 in file ..\..\HK32L08x_SDK_2024-12-02_V1.0.4\Libraries\CMSIS\
HK32L0xx\Source\ARM\KEIL_Startup_hk32l0xx.s

DAC_IRQHandler 00000012

Symbol: DAC_IRQHandler
   Definitions
      At line 193 in file ..\..\HK32L08x_SDK_2024-12-02_V1.0.4\Libraries\CMSIS\
HK32L0xx\Source\ARM\KEIL_Startup_hk32l0xx.s
   Uses
      At line 85 in file ..\..\HK32L08x_SDK_2024-12-02_V1.0.4\Libraries\CMSIS\H
K32L0xx\Source\ARM\KEIL_Startup_hk32l0xx.s
      At line 161 in file ..\..\HK32L08x_SDK_2024-12-02_V1.0.4\Libraries\CMSIS\
HK32L0xx\Source\ARM\KEIL_Startup_hk32l0xx.s

DMA_CH1_IRQHandler 00000012

Symbol: DMA_CH1_IRQHandler
   Definitions
      At line 185 in file ..\..\HK32L08x_SDK_2024-12-02_V1.0.4\Libraries\CMSIS\
HK32L0xx\Source\ARM\KEIL_Startup_hk32l0xx.s
   Uses
      At line 77 in file ..\..\HK32L08x_SDK_2024-12-02_V1.0.4\Libraries\CMSIS\H
K32L0xx\Source\ARM\KEIL_Startup_hk32l0xx.s
      At line 153 in file ..\..\HK32L08x_SDK_2024-12-02_V1.0.4\Libraries\CMSIS\
HK32L0xx\Source\ARM\KEIL_Startup_hk32l0xx.s

DMA_CH2_3_IRQHandler 00000012




ARM Macro Assembler    Page 2 Alphabetic symbol ordering
Relocatable symbols

Symbol: DMA_CH2_3_IRQHandler
   Definitions
      At line 186 in file ..\..\HK32L08x_SDK_2024-12-02_V1.0.4\Libraries\CMSIS\
HK32L0xx\Source\ARM\KEIL_Startup_hk32l0xx.s
   Uses
      At line 78 in file ..\..\HK32L08x_SDK_2024-12-02_V1.0.4\Libraries\CMSIS\H
K32L0xx\Source\ARM\KEIL_Startup_hk32l0xx.s
      At line 154 in file ..\..\HK32L08x_SDK_2024-12-02_V1.0.4\Libraries\CMSIS\
HK32L0xx\Source\ARM\KEIL_Startup_hk32l0xx.s

DMA_CH4_7_IRQHandler 00000012

Symbol: DMA_CH4_7_IRQHandler
   Definitions
      At line 187 in file ..\..\HK32L08x_SDK_2024-12-02_V1.0.4\Libraries\CMSIS\
HK32L0xx\Source\ARM\KEIL_Startup_hk32l0xx.s
   Uses
      At line 79 in file ..\..\HK32L08x_SDK_2024-12-02_V1.0.4\Libraries\CMSIS\H
K32L0xx\Source\ARM\KEIL_Startup_hk32l0xx.s
      At line 155 in file ..\..\HK32L08x_SDK_2024-12-02_V1.0.4\Libraries\CMSIS\
HK32L0xx\Source\ARM\KEIL_Startup_hk32l0xx.s

Default_Handler 00000012

Symbol: Default_Handler
   Definitions
      At line 142 in file ..\..\HK32L08x_SDK_2024-12-02_V1.0.4\Libraries\CMSIS\
HK32L0xx\Source\ARM\KEIL_Startup_hk32l0xx.s
   Uses
      None
Comment: Default_Handler unused
EXTI0_1_IRQHandler 00000012

Symbol: EXTI0_1_IRQHandler
   Definitions
      At line 181 in file ..\..\HK32L08x_SDK_2024-12-02_V1.0.4\Libraries\CMSIS\
HK32L0xx\Source\ARM\KEIL_Startup_hk32l0xx.s
   Uses
      At line 73 in file ..\..\HK32L08x_SDK_2024-12-02_V1.0.4\Libraries\CMSIS\H
K32L0xx\Source\ARM\KEIL_Startup_hk32l0xx.s
      At line 149 in file ..\..\HK32L08x_SDK_2024-12-02_V1.0.4\Libraries\CMSIS\
HK32L0xx\Source\ARM\KEIL_Startup_hk32l0xx.s

EXTI2_3_IRQHandler 00000012

Symbol: EXTI2_3_IRQHandler
   Definitions
      At line 182 in file ..\..\HK32L08x_SDK_2024-12-02_V1.0.4\Libraries\CMSIS\
HK32L0xx\Source\ARM\KEIL_Startup_hk32l0xx.s
   Uses
      At line 74 in file ..\..\HK32L08x_SDK_2024-12-02_V1.0.4\Libraries\CMSIS\H
K32L0xx\Source\ARM\KEIL_Startup_hk32l0xx.s
      At line 150 in file ..\..\HK32L08x_SDK_2024-12-02_V1.0.4\Libraries\CMSIS\
HK32L0xx\Source\ARM\KEIL_Startup_hk32l0xx.s

EXTI4_15_IRQHandler 00000012

Symbol: EXTI4_15_IRQHandler
   Definitions



ARM Macro Assembler    Page 3 Alphabetic symbol ordering
Relocatable symbols

      At line 183 in file ..\..\HK32L08x_SDK_2024-12-02_V1.0.4\Libraries\CMSIS\
HK32L0xx\Source\ARM\KEIL_Startup_hk32l0xx.s
   Uses
      At line 75 in file ..\..\HK32L08x_SDK_2024-12-02_V1.0.4\Libraries\CMSIS\H
K32L0xx\Source\ARM\KEIL_Startup_hk32l0xx.s
      At line 151 in file ..\..\HK32L08x_SDK_2024-12-02_V1.0.4\Libraries\CMSIS\
HK32L0xx\Source\ARM\KEIL_Startup_hk32l0xx.s

FLASH_IRQHandler 00000012

Symbol: FLASH_IRQHandler
   Definitions
      At line 179 in file ..\..\HK32L08x_SDK_2024-12-02_V1.0.4\Libraries\CMSIS\
HK32L0xx\Source\ARM\KEIL_Startup_hk32l0xx.s
   Uses
      At line 71 in file ..\..\HK32L08x_SDK_2024-12-02_V1.0.4\Libraries\CMSIS\H
K32L0xx\Source\ARM\KEIL_Startup_hk32l0xx.s
      At line 147 in file ..\..\HK32L08x_SDK_2024-12-02_V1.0.4\Libraries\CMSIS\
HK32L0xx\Source\ARM\KEIL_Startup_hk32l0xx.s

HardFault_Handler 0000000A

Symbol: HardFault_Handler
   Definitions
      At line 125 in file ..\..\HK32L08x_SDK_2024-12-02_V1.0.4\Libraries\CMSIS\
HK32L0xx\Source\ARM\KEIL_Startup_hk32l0xx.s
   Uses
      At line 53 in file ..\..\HK32L08x_SDK_2024-12-02_V1.0.4\Libraries\CMSIS\H
K32L0xx\Source\ARM\KEIL_Startup_hk32l0xx.s
      At line 126 in file ..\..\HK32L08x_SDK_2024-12-02_V1.0.4\Libraries\CMSIS\
HK32L0xx\Source\ARM\KEIL_Startup_hk32l0xx.s

I2C1_IRQHandler 00000012

Symbol: I2C1_IRQHandler
   Definitions
      At line 198 in file ..\..\HK32L08x_SDK_2024-12-02_V1.0.4\Libraries\CMSIS\
HK32L0xx\Source\ARM\KEIL_Startup_hk32l0xx.s
   Uses
      At line 91 in file ..\..\HK32L08x_SDK_2024-12-02_V1.0.4\Libraries\CMSIS\H
K32L0xx\Source\ARM\KEIL_Startup_hk32l0xx.s
      At line 166 in file ..\..\HK32L08x_SDK_2024-12-02_V1.0.4\Libraries\CMSIS\
HK32L0xx\Source\ARM\KEIL_Startup_hk32l0xx.s

I2C2_IRQHandler 00000012

Symbol: I2C2_IRQHandler
   Definitions
      At line 199 in file ..\..\HK32L08x_SDK_2024-12-02_V1.0.4\Libraries\CMSIS\
HK32L0xx\Source\ARM\KEIL_Startup_hk32l0xx.s
   Uses
      At line 92 in file ..\..\HK32L08x_SDK_2024-12-02_V1.0.4\Libraries\CMSIS\H
K32L0xx\Source\ARM\KEIL_Startup_hk32l0xx.s
      At line 167 in file ..\..\HK32L08x_SDK_2024-12-02_V1.0.4\Libraries\CMSIS\
HK32L0xx\Source\ARM\KEIL_Startup_hk32l0xx.s

LCD_CAN_IRQHandler 00000012

Symbol: LCD_CAN_IRQHandler



ARM Macro Assembler    Page 4 Alphabetic symbol ordering
Relocatable symbols

   Definitions
      At line 205 in file ..\..\HK32L08x_SDK_2024-12-02_V1.0.4\Libraries\CMSIS\
HK32L0xx\Source\ARM\KEIL_Startup_hk32l0xx.s
   Uses
      At line 98 in file ..\..\HK32L08x_SDK_2024-12-02_V1.0.4\Libraries\CMSIS\H
K32L0xx\Source\ARM\KEIL_Startup_hk32l0xx.s
      At line 173 in file ..\..\HK32L08x_SDK_2024-12-02_V1.0.4\Libraries\CMSIS\
HK32L0xx\Source\ARM\KEIL_Startup_hk32l0xx.s

LPUART_IRQHandler 00000012

Symbol: LPUART_IRQHandler
   Definitions
      At line 184 in file ..\..\HK32L08x_SDK_2024-12-02_V1.0.4\Libraries\CMSIS\
HK32L0xx\Source\ARM\KEIL_Startup_hk32l0xx.s
   Uses
      At line 76 in file ..\..\HK32L08x_SDK_2024-12-02_V1.0.4\Libraries\CMSIS\H
K32L0xx\Source\ARM\KEIL_Startup_hk32l0xx.s
      At line 152 in file ..\..\HK32L08x_SDK_2024-12-02_V1.0.4\Libraries\CMSIS\
HK32L0xx\Source\ARM\KEIL_Startup_hk32l0xx.s

NMI_Handler 00000008

Symbol: NMI_Handler
   Definitions
      At line 120 in file ..\..\HK32L08x_SDK_2024-12-02_V1.0.4\Libraries\CMSIS\
HK32L0xx\Source\ARM\KEIL_Startup_hk32l0xx.s
   Uses
      At line 52 in file ..\..\HK32L08x_SDK_2024-12-02_V1.0.4\Libraries\CMSIS\H
K32L0xx\Source\ARM\KEIL_Startup_hk32l0xx.s
      At line 121 in file ..\..\HK32L08x_SDK_2024-12-02_V1.0.4\Libraries\CMSIS\
HK32L0xx\Source\ARM\KEIL_Startup_hk32l0xx.s

PVD_IRQHandler 00000012

Symbol: PVD_IRQHandler
   Definitions
      At line 177 in file ..\..\HK32L08x_SDK_2024-12-02_V1.0.4\Libraries\CMSIS\
HK32L0xx\Source\ARM\KEIL_Startup_hk32l0xx.s
   Uses
      At line 69 in file ..\..\HK32L08x_SDK_2024-12-02_V1.0.4\Libraries\CMSIS\H
K32L0xx\Source\ARM\KEIL_Startup_hk32l0xx.s
      At line 145 in file ..\..\HK32L08x_SDK_2024-12-02_V1.0.4\Libraries\CMSIS\
HK32L0xx\Source\ARM\KEIL_Startup_hk32l0xx.s

PendSV_Handler 0000000E

Symbol: PendSV_Handler
   Definitions
      At line 133 in file ..\..\HK32L08x_SDK_2024-12-02_V1.0.4\Libraries\CMSIS\
HK32L0xx\Source\ARM\KEIL_Startup_hk32l0xx.s
   Uses
      At line 64 in file ..\..\HK32L08x_SDK_2024-12-02_V1.0.4\Libraries\CMSIS\H
K32L0xx\Source\ARM\KEIL_Startup_hk32l0xx.s
      At line 134 in file ..\..\HK32L08x_SDK_2024-12-02_V1.0.4\Libraries\CMSIS\
HK32L0xx\Source\ARM\KEIL_Startup_hk32l0xx.s

RCC_IRQHandler 00000012




ARM Macro Assembler    Page 5 Alphabetic symbol ordering
Relocatable symbols

Symbol: RCC_IRQHandler
   Definitions
      At line 180 in file ..\..\HK32L08x_SDK_2024-12-02_V1.0.4\Libraries\CMSIS\
HK32L0xx\Source\ARM\KEIL_Startup_hk32l0xx.s
   Uses
      At line 72 in file ..\..\HK32L08x_SDK_2024-12-02_V1.0.4\Libraries\CMSIS\H
K32L0xx\Source\ARM\KEIL_Startup_hk32l0xx.s
      At line 148 in file ..\..\HK32L08x_SDK_2024-12-02_V1.0.4\Libraries\CMSIS\
HK32L0xx\Source\ARM\KEIL_Startup_hk32l0xx.s

RTC_IRQHandler 00000012

Symbol: RTC_IRQHandler
   Definitions
      At line 178 in file ..\..\HK32L08x_SDK_2024-12-02_V1.0.4\Libraries\CMSIS\
HK32L0xx\Source\ARM\KEIL_Startup_hk32l0xx.s
   Uses
      At line 70 in file ..\..\HK32L08x_SDK_2024-12-02_V1.0.4\Libraries\CMSIS\H
K32L0xx\Source\ARM\KEIL_Startup_hk32l0xx.s
      At line 146 in file ..\..\HK32L08x_SDK_2024-12-02_V1.0.4\Libraries\CMSIS\
HK32L0xx\Source\ARM\KEIL_Startup_hk32l0xx.s

Reset_Handler 00000000

Symbol: Reset_Handler
   Definitions
      At line 108 in file ..\..\HK32L08x_SDK_2024-12-02_V1.0.4\Libraries\CMSIS\
HK32L0xx\Source\ARM\KEIL_Startup_hk32l0xx.s
   Uses
      At line 51 in file ..\..\HK32L08x_SDK_2024-12-02_V1.0.4\Libraries\CMSIS\H
K32L0xx\Source\ARM\KEIL_Startup_hk32l0xx.s
      At line 109 in file ..\..\HK32L08x_SDK_2024-12-02_V1.0.4\Libraries\CMSIS\
HK32L0xx\Source\ARM\KEIL_Startup_hk32l0xx.s

SPI1_IRQHandler 00000012

Symbol: SPI1_IRQHandler
   Definitions
      At line 200 in file ..\..\HK32L08x_SDK_2024-12-02_V1.0.4\Libraries\CMSIS\
HK32L0xx\Source\ARM\KEIL_Startup_hk32l0xx.s
   Uses
      At line 93 in file ..\..\HK32L08x_SDK_2024-12-02_V1.0.4\Libraries\CMSIS\H
K32L0xx\Source\ARM\KEIL_Startup_hk32l0xx.s
      At line 168 in file ..\..\HK32L08x_SDK_2024-12-02_V1.0.4\Libraries\CMSIS\
HK32L0xx\Source\ARM\KEIL_Startup_hk32l0xx.s

SPI2_IRQHandler 00000012

Symbol: SPI2_IRQHandler
   Definitions
      At line 201 in file ..\..\HK32L08x_SDK_2024-12-02_V1.0.4\Libraries\CMSIS\
HK32L0xx\Source\ARM\KEIL_Startup_hk32l0xx.s
   Uses
      At line 94 in file ..\..\HK32L08x_SDK_2024-12-02_V1.0.4\Libraries\CMSIS\H
K32L0xx\Source\ARM\KEIL_Startup_hk32l0xx.s
      At line 169 in file ..\..\HK32L08x_SDK_2024-12-02_V1.0.4\Libraries\CMSIS\
HK32L0xx\Source\ARM\KEIL_Startup_hk32l0xx.s

SVC_Handler 0000000C



ARM Macro Assembler    Page 6 Alphabetic symbol ordering
Relocatable symbols


Symbol: SVC_Handler
   Definitions
      At line 129 in file ..\..\HK32L08x_SDK_2024-12-02_V1.0.4\Libraries\CMSIS\
HK32L0xx\Source\ARM\KEIL_Startup_hk32l0xx.s
   Uses
      At line 61 in file ..\..\HK32L08x_SDK_2024-12-02_V1.0.4\Libraries\CMSIS\H
K32L0xx\Source\ARM\KEIL_Startup_hk32l0xx.s
      At line 130 in file ..\..\HK32L08x_SDK_2024-12-02_V1.0.4\Libraries\CMSIS\
HK32L0xx\Source\ARM\KEIL_Startup_hk32l0xx.s

SysTick_Handler 00000010

Symbol: SysTick_Handler
   Definitions
      At line 137 in file ..\..\HK32L08x_SDK_2024-12-02_V1.0.4\Libraries\CMSIS\
HK32L0xx\Source\ARM\KEIL_Startup_hk32l0xx.s
   Uses
      At line 65 in file ..\..\HK32L08x_SDK_2024-12-02_V1.0.4\Libraries\CMSIS\H
K32L0xx\Source\ARM\KEIL_Startup_hk32l0xx.s
      At line 138 in file ..\..\HK32L08x_SDK_2024-12-02_V1.0.4\Libraries\CMSIS\
HK32L0xx\Source\ARM\KEIL_Startup_hk32l0xx.s

TIM14_IRQHandler 00000012

Symbol: TIM14_IRQHandler
   Definitions
      At line 194 in file ..\..\HK32L08x_SDK_2024-12-02_V1.0.4\Libraries\CMSIS\
HK32L0xx\Source\ARM\KEIL_Startup_hk32l0xx.s
   Uses
      At line 87 in file ..\..\HK32L08x_SDK_2024-12-02_V1.0.4\Libraries\CMSIS\H
K32L0xx\Source\ARM\KEIL_Startup_hk32l0xx.s
      At line 162 in file ..\..\HK32L08x_SDK_2024-12-02_V1.0.4\Libraries\CMSIS\
HK32L0xx\Source\ARM\KEIL_Startup_hk32l0xx.s

TIM15_IRQHandler 00000012

Symbol: TIM15_IRQHandler
   Definitions
      At line 195 in file ..\..\HK32L08x_SDK_2024-12-02_V1.0.4\Libraries\CMSIS\
HK32L0xx\Source\ARM\KEIL_Startup_hk32l0xx.s
   Uses
      At line 88 in file ..\..\HK32L08x_SDK_2024-12-02_V1.0.4\Libraries\CMSIS\H
K32L0xx\Source\ARM\KEIL_Startup_hk32l0xx.s
      At line 163 in file ..\..\HK32L08x_SDK_2024-12-02_V1.0.4\Libraries\CMSIS\
HK32L0xx\Source\ARM\KEIL_Startup_hk32l0xx.s

TIM16_IRQHandler 00000012

Symbol: TIM16_IRQHandler
   Definitions
      At line 196 in file ..\..\HK32L08x_SDK_2024-12-02_V1.0.4\Libraries\CMSIS\
HK32L0xx\Source\ARM\KEIL_Startup_hk32l0xx.s
   Uses
      At line 89 in file ..\..\HK32L08x_SDK_2024-12-02_V1.0.4\Libraries\CMSIS\H
K32L0xx\Source\ARM\KEIL_Startup_hk32l0xx.s
      At line 164 in file ..\..\HK32L08x_SDK_2024-12-02_V1.0.4\Libraries\CMSIS\
HK32L0xx\Source\ARM\KEIL_Startup_hk32l0xx.s




ARM Macro Assembler    Page 7 Alphabetic symbol ordering
Relocatable symbols

TIM17_IRQHandler 00000012

Symbol: TIM17_IRQHandler
   Definitions
      At line 197 in file ..\..\HK32L08x_SDK_2024-12-02_V1.0.4\Libraries\CMSIS\
HK32L0xx\Source\ARM\KEIL_Startup_hk32l0xx.s
   Uses
      At line 90 in file ..\..\HK32L08x_SDK_2024-12-02_V1.0.4\Libraries\CMSIS\H
K32L0xx\Source\ARM\KEIL_Startup_hk32l0xx.s
      At line 165 in file ..\..\HK32L08x_SDK_2024-12-02_V1.0.4\Libraries\CMSIS\
HK32L0xx\Source\ARM\KEIL_Startup_hk32l0xx.s

TIM1_IRQHandler 00000012

Symbol: TIM1_IRQHandler
   Definitions
      At line 189 in file ..\..\HK32L08x_SDK_2024-12-02_V1.0.4\Libraries\CMSIS\
HK32L0xx\Source\ARM\KEIL_Startup_hk32l0xx.s
   Uses
      At line 81 in file ..\..\HK32L08x_SDK_2024-12-02_V1.0.4\Libraries\CMSIS\H
K32L0xx\Source\ARM\KEIL_Startup_hk32l0xx.s
      At line 157 in file ..\..\HK32L08x_SDK_2024-12-02_V1.0.4\Libraries\CMSIS\
HK32L0xx\Source\ARM\KEIL_Startup_hk32l0xx.s

TIM2_IRQHandler 00000012

Symbol: TIM2_IRQHandler
   Definitions
      At line 191 in file ..\..\HK32L08x_SDK_2024-12-02_V1.0.4\Libraries\CMSIS\
HK32L0xx\Source\ARM\KEIL_Startup_hk32l0xx.s
   Uses
      At line 83 in file ..\..\HK32L08x_SDK_2024-12-02_V1.0.4\Libraries\CMSIS\H
K32L0xx\Source\ARM\KEIL_Startup_hk32l0xx.s
      At line 159 in file ..\..\HK32L08x_SDK_2024-12-02_V1.0.4\Libraries\CMSIS\
HK32L0xx\Source\ARM\KEIL_Startup_hk32l0xx.s

TIM3_IRQHandler 00000012

Symbol: TIM3_IRQHandler
   Definitions
      At line 192 in file ..\..\HK32L08x_SDK_2024-12-02_V1.0.4\Libraries\CMSIS\
HK32L0xx\Source\ARM\KEIL_Startup_hk32l0xx.s
   Uses
      At line 84 in file ..\..\HK32L08x_SDK_2024-12-02_V1.0.4\Libraries\CMSIS\H
K32L0xx\Source\ARM\KEIL_Startup_hk32l0xx.s
      At line 160 in file ..\..\HK32L08x_SDK_2024-12-02_V1.0.4\Libraries\CMSIS\
HK32L0xx\Source\ARM\KEIL_Startup_hk32l0xx.s

UART3_4_IRQHandler 00000012

Symbol: UART3_4_IRQHandler
   Definitions
      At line 190 in file ..\..\HK32L08x_SDK_2024-12-02_V1.0.4\Libraries\CMSIS\
HK32L0xx\Source\ARM\KEIL_Startup_hk32l0xx.s
   Uses
      At line 82 in file ..\..\HK32L08x_SDK_2024-12-02_V1.0.4\Libraries\CMSIS\H
K32L0xx\Source\ARM\KEIL_Startup_hk32l0xx.s
      At line 158 in file ..\..\HK32L08x_SDK_2024-12-02_V1.0.4\Libraries\CMSIS\
HK32L0xx\Source\ARM\KEIL_Startup_hk32l0xx.s



ARM Macro Assembler    Page 8 Alphabetic symbol ordering
Relocatable symbols


USART1_IRQHandler 00000012

Symbol: USART1_IRQHandler
   Definitions
      At line 202 in file ..\..\HK32L08x_SDK_2024-12-02_V1.0.4\Libraries\CMSIS\
HK32L0xx\Source\ARM\KEIL_Startup_hk32l0xx.s
   Uses
      At line 95 in file ..\..\HK32L08x_SDK_2024-12-02_V1.0.4\Libraries\CMSIS\H
K32L0xx\Source\ARM\KEIL_Startup_hk32l0xx.s
      At line 170 in file ..\..\HK32L08x_SDK_2024-12-02_V1.0.4\Libraries\CMSIS\
HK32L0xx\Source\ARM\KEIL_Startup_hk32l0xx.s

USART2_IRQHandler 00000012

Symbol: USART2_IRQHandler
   Definitions
      At line 203 in file ..\..\HK32L08x_SDK_2024-12-02_V1.0.4\Libraries\CMSIS\
HK32L0xx\Source\ARM\KEIL_Startup_hk32l0xx.s
   Uses
      At line 96 in file ..\..\HK32L08x_SDK_2024-12-02_V1.0.4\Libraries\CMSIS\H
K32L0xx\Source\ARM\KEIL_Startup_hk32l0xx.s
      At line 171 in file ..\..\HK32L08x_SDK_2024-12-02_V1.0.4\Libraries\CMSIS\
HK32L0xx\Source\ARM\KEIL_Startup_hk32l0xx.s

USB_DVSQ_IRQHandler 00000012

Symbol: USB_DVSQ_IRQHandler
   Definitions
      At line 206 in file ..\..\HK32L08x_SDK_2024-12-02_V1.0.4\Libraries\CMSIS\
HK32L0xx\Source\ARM\KEIL_Startup_hk32l0xx.s
   Uses
      At line 99 in file ..\..\HK32L08x_SDK_2024-12-02_V1.0.4\Libraries\CMSIS\H
K32L0xx\Source\ARM\KEIL_Startup_hk32l0xx.s
      At line 174 in file ..\..\HK32L08x_SDK_2024-12-02_V1.0.4\Libraries\CMSIS\
HK32L0xx\Source\ARM\KEIL_Startup_hk32l0xx.s

WWDG_IRQHandler 00000012

Symbol: WWDG_IRQHandler
   Definitions
      At line 176 in file ..\..\HK32L08x_SDK_2024-12-02_V1.0.4\Libraries\CMSIS\
HK32L0xx\Source\ARM\KEIL_Startup_hk32l0xx.s
   Uses
      At line 68 in file ..\..\HK32L08x_SDK_2024-12-02_V1.0.4\Libraries\CMSIS\H
K32L0xx\Source\ARM\KEIL_Startup_hk32l0xx.s
      At line 144 in file ..\..\HK32L08x_SDK_2024-12-02_V1.0.4\Libraries\CMSIS\
HK32L0xx\Source\ARM\KEIL_Startup_hk32l0xx.s

39 symbols



ARM Macro Assembler    Page 1 Alphabetic symbol ordering
Absolute symbols

Heap_Size 00000400

Symbol: Heap_Size
   Definitions
      At line 33 in file ..\..\HK32L08x_SDK_2024-12-02_V1.0.4\Libraries\CMSIS\H
K32L0xx\Source\ARM\KEIL_Startup_hk32l0xx.s
   Uses
      At line 37 in file ..\..\HK32L08x_SDK_2024-12-02_V1.0.4\Libraries\CMSIS\H
K32L0xx\Source\ARM\KEIL_Startup_hk32l0xx.s
Comment: Heap_Size used once
Stack_Size 00000800

Symbol: Stack_Size
   Definitions
      At line 22 in file ..\..\HK32L08x_SDK_2024-12-02_V1.0.4\Libraries\CMSIS\H
K32L0xx\Source\ARM\KEIL_Startup_hk32l0xx.s
   Uses
      At line 25 in file ..\..\HK32L08x_SDK_2024-12-02_V1.0.4\Libraries\CMSIS\H
K32L0xx\Source\ARM\KEIL_Startup_hk32l0xx.s
Comment: Stack_Size used once
__Vectors_Size 000000C0

Symbol: __Vectors_Size
   Definitions
      At line 103 in file ..\..\HK32L08x_SDK_2024-12-02_V1.0.4\Libraries\CMSIS\
HK32L0xx\Source\ARM\KEIL_Startup_hk32l0xx.s
   Uses
      At line 48 in file ..\..\HK32L08x_SDK_2024-12-02_V1.0.4\Libraries\CMSIS\H
K32L0xx\Source\ARM\KEIL_Startup_hk32l0xx.s
Comment: __Vectors_Size used once
3 symbols



ARM Macro Assembler    Page 1 Alphabetic symbol ordering
External symbols

SystemInit 00000000

Symbol: SystemInit
   Definitions
      At line 111 in file ..\..\HK32L08x_SDK_2024-12-02_V1.0.4\Libraries\CMSIS\
HK32L0xx\Source\ARM\KEIL_Startup_hk32l0xx.s
   Uses
      At line 112 in file ..\..\HK32L08x_SDK_2024-12-02_V1.0.4\Libraries\CMSIS\
HK32L0xx\Source\ARM\KEIL_Startup_hk32l0xx.s
Comment: SystemInit used once
__main 00000000

Symbol: __main
   Definitions
      At line 110 in file ..\..\HK32L08x_SDK_2024-12-02_V1.0.4\Libraries\CMSIS\
HK32L0xx\Source\ARM\KEIL_Startup_hk32l0xx.s
   Uses
      At line 114 in file ..\..\HK32L08x_SDK_2024-12-02_V1.0.4\Libraries\CMSIS\
HK32L0xx\Source\ARM\KEIL_Startup_hk32l0xx.s
Comment: __main used once
2 symbols
388 symbols in table
